\BOOKMARK [1][-]{section.1}{Overview}{}% 1
\BOOKMARK [1][-]{section.2}{Introduction}{}% 2
\BOOKMARK [1][-]{section.3}{@Capacity Solutions}{}% 3
\BOOKMARK [2][-]{subsection.3.1}{Flexibility and Freedom}{section.3}% 4
\BOOKMARK [2][-]{subsection.3.2}{Quality Control}{section.3}% 5
\BOOKMARK [2][-]{subsection.3.3}{Intuitive and Informative Interface}{section.3}% 6
\BOOKMARK [1][-]{section.4}{Website Features}{}% 7
\BOOKMARK [2][-]{subsection.4.1}{Matching}{section.4}% 8
\BOOKMARK [3][-]{subsubsection.4.1.1}{Utilization}{subsection.4.1}% 9
\BOOKMARK [3][-]{subsubsection.4.1.2}{Building Specifications}{subsection.4.1}% 10
\BOOKMARK [3][-]{subsubsection.4.1.3}{Scheduling}{subsection.4.1}% 11
\BOOKMARK [2][-]{subsection.4.2}{Analytics}{section.4}% 12
\BOOKMARK [2][-]{subsection.4.3}{Rewards and Incentives}{section.4}% 13
\BOOKMARK [2][-]{subsection.4.4}{Security}{section.4}% 14
\BOOKMARK [1][-]{section.5}{Financial Impact}{}% 15
\BOOKMARK [2][-]{subsection.5.1}{Low Startup Cost}{section.5}% 16
\BOOKMARK [2][-]{subsection.5.2}{Self-Sustainment}{section.5}% 17
\BOOKMARK [2][-]{subsection.5.3}{Business Structure}{section.5}% 18
\BOOKMARK [1][-]{section.6}{Final Remarks}{}% 19
\BOOKMARK [1][-]{section*.13}{References}{}% 20
\BOOKMARK [1][-]{appendix.A}{Database Design}{}% 21
\BOOKMARK [1][-]{appendix.B}{Ranking Algorithm}{}% 22
\BOOKMARK [2][-]{subsection.B.1}{Utilization}{appendix.B}% 23
\BOOKMARK [2][-]{subsection.B.2}{Score}{appendix.B}% 24
\BOOKMARK [3][-]{subsubsection.B.2.1}{Distance}{subsection.B.2}% 25
\BOOKMARK [3][-]{subsubsection.B.2.2}{Price}{subsection.B.2}% 26
\BOOKMARK [3][-]{subsubsection.B.2.3}{Size}{subsection.B.2}% 27
\BOOKMARK [1][-]{appendix.C}{Synthetic Data Generation}{}% 28
